CRITICAL - 2024-12-10 21:47:47 --> CodeIgniter\HTTP\Exceptions\BadRequestException: The URI you submitted has disallowed characters: "672abab1e434a-Álamo.jpg6724e97e050a3-Jacaranda.jpg"
[Method: GET, Route: arboels/672abab1e434a-%C3%81lamo.jpg6724e97e050a3-Jacaranda.jpg]
in SYSTEMPATH\Router\Router.php on line 737.
 1 SYSTEMPATH\Router\Router.php(204): CodeIgniter\Router\Router->checkDisallowedChars('arboels/672abab1e434a-Álamo.jpg6724e97e050a3-Jacaranda.jpg')
 2 SYSTEMPATH\CodeIgniter.php(834): CodeIgniter\Router\Router->handle('arboels/672abab1e434a-Álamo.jpg6724e97e050a3-Jacaranda.jpg')
 3 SYSTEMPATH\CodeIgniter.php(457): CodeIgniter\CodeIgniter->tryToRouteIt(Object(CodeIgniter\Router\RouteCollection))
 4 SYSTEMPATH\CodeIgniter.php(355): CodeIgniter\CodeIgniter->handleRequest(null, Object(Config\Cache), false)
 5 SYSTEMPATH\Boot.php(325): CodeIgniter\CodeIgniter->run()
 6 SYSTEMPATH\Boot.php(67): CodeIgniter\Boot::runCodeIgniter(Object(CodeIgniter\CodeIgniter))
 7 FCPATH\index.php(56): CodeIgniter\Boot::bootWeb(Object(Config\Paths))
CRITICAL - 2024-12-10 21:48:02 --> CodeIgniter\HTTP\Exceptions\BadRequestException: The URI you submitted has disallowed characters: "672abab1e434a-Álamo.jpg6724e97e050a3-Jacaranda.jpg"
[Method: GET, Route: 672abab1e434a-%C3%81lamo.jpg6724e97e050a3-Jacaranda.jpg]
in SYSTEMPATH\Router\Router.php on line 737.
 1 SYSTEMPATH\Router\Router.php(204): CodeIgniter\Router\Router->checkDisallowedChars('672abab1e434a-Álamo.jpg6724e97e050a3-Jacaranda.jpg')
 2 SYSTEMPATH\CodeIgniter.php(834): CodeIgniter\Router\Router->handle('672abab1e434a-Álamo.jpg6724e97e050a3-Jacaranda.jpg')
 3 SYSTEMPATH\CodeIgniter.php(457): CodeIgniter\CodeIgniter->tryToRouteIt(Object(CodeIgniter\Router\RouteCollection))
 4 SYSTEMPATH\CodeIgniter.php(355): CodeIgniter\CodeIgniter->handleRequest(null, Object(Config\Cache), false)
 5 SYSTEMPATH\Boot.php(325): CodeIgniter\CodeIgniter->run()
 6 SYSTEMPATH\Boot.php(67): CodeIgniter\Boot::runCodeIgniter(Object(CodeIgniter\CodeIgniter))
 7 FCPATH\index.php(56): CodeIgniter\Boot::bootWeb(Object(Config\Paths))
CRITICAL - 2024-12-10 21:48:03 --> CodeIgniter\HTTP\Exceptions\BadRequestException: The URI you submitted has disallowed characters: "672abab1e434a-Álamo.jpg6724e97e050a3-Jacaranda.jpg"
[Method: GET, Route: 672abab1e434a-%C3%81lamo.jpg6724e97e050a3-Jacaranda.jpg]
in SYSTEMPATH\Router\Router.php on line 737.
 1 SYSTEMPATH\Router\Router.php(204): CodeIgniter\Router\Router->checkDisallowedChars('672abab1e434a-Álamo.jpg6724e97e050a3-Jacaranda.jpg')
 2 SYSTEMPATH\CodeIgniter.php(834): CodeIgniter\Router\Router->handle('672abab1e434a-Álamo.jpg6724e97e050a3-Jacaranda.jpg')
 3 SYSTEMPATH\CodeIgniter.php(457): CodeIgniter\CodeIgniter->tryToRouteIt(Object(CodeIgniter\Router\RouteCollection))
 4 SYSTEMPATH\CodeIgniter.php(355): CodeIgniter\CodeIgniter->handleRequest(null, Object(Config\Cache), false)
 5 SYSTEMPATH\Boot.php(325): CodeIgniter\CodeIgniter->run()
 6 SYSTEMPATH\Boot.php(67): CodeIgniter\Boot::runCodeIgniter(Object(CodeIgniter\CodeIgniter))
 7 FCPATH\index.php(56): CodeIgniter\Boot::bootWeb(Object(Config\Paths))
CRITICAL - 2024-12-10 21:51:57 --> CodeIgniter\HTTP\Exceptions\BadRequestException: The URI you submitted has disallowed characters: " echo htmlspecialchars($arbol['imagen']);"
[Method: GET, Route: public/arboles/%20echo%20htmlspecialchars%28$arbol%5B%27imagen%27%5D%29;]
in SYSTEMPATH\Router\Router.php on line 737.
 1 SYSTEMPATH\Router\Router.php(204): CodeIgniter\Router\Router->checkDisallowedChars('public/arboles/ echo htmlspecialchars($arbol[\'imagen\']);')
 2 SYSTEMPATH\CodeIgniter.php(834): CodeIgniter\Router\Router->handle('public/arboles/ echo htmlspecialchars($arbol[\'imagen\']);')
 3 SYSTEMPATH\CodeIgniter.php(457): CodeIgniter\CodeIgniter->tryToRouteIt(Object(CodeIgniter\Router\RouteCollection))
 4 SYSTEMPATH\CodeIgniter.php(355): CodeIgniter\CodeIgniter->handleRequest(null, Object(Config\Cache), false)
 5 SYSTEMPATH\Boot.php(325): CodeIgniter\CodeIgniter->run()
 6 SYSTEMPATH\Boot.php(67): CodeIgniter\Boot::runCodeIgniter(Object(CodeIgniter\CodeIgniter))
 7 FCPATH\index.php(56): CodeIgniter\Boot::bootWeb(Object(Config\Paths))
CRITICAL - 2024-12-10 21:51:58 --> CodeIgniter\HTTP\Exceptions\BadRequestException: The URI you submitted has disallowed characters: " echo htmlspecialchars($arbol['imagen']);"
[Method: GET, Route: public/arboles/%20echo%20htmlspecialchars%28$arbol%5B%27imagen%27%5D%29;]
in SYSTEMPATH\Router\Router.php on line 737.
 1 SYSTEMPATH\Router\Router.php(204): CodeIgniter\Router\Router->checkDisallowedChars('public/arboles/ echo htmlspecialchars($arbol[\'imagen\']);')
 2 SYSTEMPATH\CodeIgniter.php(834): CodeIgniter\Router\Router->handle('public/arboles/ echo htmlspecialchars($arbol[\'imagen\']);')
 3 SYSTEMPATH\CodeIgniter.php(457): CodeIgniter\CodeIgniter->tryToRouteIt(Object(CodeIgniter\Router\RouteCollection))
 4 SYSTEMPATH\CodeIgniter.php(355): CodeIgniter\CodeIgniter->handleRequest(null, Object(Config\Cache), false)
 5 SYSTEMPATH\Boot.php(325): CodeIgniter\CodeIgniter->run()
 6 SYSTEMPATH\Boot.php(67): CodeIgniter\Boot::runCodeIgniter(Object(CodeIgniter\CodeIgniter))
 7 FCPATH\index.php(56): CodeIgniter\Boot::bootWeb(Object(Config\Paths))
CRITICAL - 2024-12-10 21:51:58 --> CodeIgniter\HTTP\Exceptions\BadRequestException: The URI you submitted has disallowed characters: " echo htmlspecialchars($arbol['imagen']);"
[Method: GET, Route: public/arboles/%20echo%20htmlspecialchars%28$arbol%5B%27imagen%27%5D%29;]
in SYSTEMPATH\Router\Router.php on line 737.
 1 SYSTEMPATH\Router\Router.php(204): CodeIgniter\Router\Router->checkDisallowedChars('public/arboles/ echo htmlspecialchars($arbol[\'imagen\']);')
 2 SYSTEMPATH\CodeIgniter.php(834): CodeIgniter\Router\Router->handle('public/arboles/ echo htmlspecialchars($arbol[\'imagen\']);')
 3 SYSTEMPATH\CodeIgniter.php(457): CodeIgniter\CodeIgniter->tryToRouteIt(Object(CodeIgniter\Router\RouteCollection))
 4 SYSTEMPATH\CodeIgniter.php(355): CodeIgniter\CodeIgniter->handleRequest(null, Object(Config\Cache), false)
 5 SYSTEMPATH\Boot.php(325): CodeIgniter\CodeIgniter->run()
 6 SYSTEMPATH\Boot.php(67): CodeIgniter\Boot::runCodeIgniter(Object(CodeIgniter\CodeIgniter))
 7 FCPATH\index.php(56): CodeIgniter\Boot::bootWeb(Object(Config\Paths))
CRITICAL - 2024-12-10 21:51:58 --> CodeIgniter\HTTP\Exceptions\BadRequestException: The URI you submitted has disallowed characters: " echo htmlspecialchars($arbol['imagen']);"
[Method: GET, Route: public/arboles/%20echo%20htmlspecialchars%28$arbol%5B%27imagen%27%5D%29;]
in SYSTEMPATH\Router\Router.php on line 737.
 1 SYSTEMPATH\Router\Router.php(204): CodeIgniter\Router\Router->checkDisallowedChars('public/arboles/ echo htmlspecialchars($arbol[\'imagen\']);')
 2 SYSTEMPATH\CodeIgniter.php(834): CodeIgniter\Router\Router->handle('public/arboles/ echo htmlspecialchars($arbol[\'imagen\']);')
 3 SYSTEMPATH\CodeIgniter.php(457): CodeIgniter\CodeIgniter->tryToRouteIt(Object(CodeIgniter\Router\RouteCollection))
 4 SYSTEMPATH\CodeIgniter.php(355): CodeIgniter\CodeIgniter->handleRequest(null, Object(Config\Cache), false)
 5 SYSTEMPATH\Boot.php(325): CodeIgniter\CodeIgniter->run()
 6 SYSTEMPATH\Boot.php(67): CodeIgniter\Boot::runCodeIgniter(Object(CodeIgniter\CodeIgniter))
 7 FCPATH\index.php(56): CodeIgniter\Boot::bootWeb(Object(Config\Paths))
CRITICAL - 2024-12-10 21:52:09 --> CodeIgniter\HTTP\Exceptions\BadRequestException: The URI you submitted has disallowed characters: " echo htmlspecialchars($arbol['imagen']);"
[Method: GET, Route: public/arboles/%20echo%20htmlspecialchars%28$arbol%5B%27imagen%27%5D%29;]
in SYSTEMPATH\Router\Router.php on line 737.
 1 SYSTEMPATH\Router\Router.php(204): CodeIgniter\Router\Router->checkDisallowedChars('public/arboles/ echo htmlspecialchars($arbol[\'imagen\']);')
 2 SYSTEMPATH\CodeIgniter.php(834): CodeIgniter\Router\Router->handle('public/arboles/ echo htmlspecialchars($arbol[\'imagen\']);')
 3 SYSTEMPATH\CodeIgniter.php(457): CodeIgniter\CodeIgniter->tryToRouteIt(Object(CodeIgniter\Router\RouteCollection))
 4 SYSTEMPATH\CodeIgniter.php(355): CodeIgniter\CodeIgniter->handleRequest(null, Object(Config\Cache), false)
 5 SYSTEMPATH\Boot.php(325): CodeIgniter\CodeIgniter->run()
 6 SYSTEMPATH\Boot.php(67): CodeIgniter\Boot::runCodeIgniter(Object(CodeIgniter\CodeIgniter))
 7 FCPATH\index.php(56): CodeIgniter\Boot::bootWeb(Object(Config\Paths))
CRITICAL - 2024-12-10 21:52:10 --> CodeIgniter\HTTP\Exceptions\BadRequestException: The URI you submitted has disallowed characters: " echo htmlspecialchars($arbol['imagen']);"
[Method: GET, Route: public/arboles/%20echo%20htmlspecialchars%28$arbol%5B%27imagen%27%5D%29;]
in SYSTEMPATH\Router\Router.php on line 737.
 1 SYSTEMPATH\Router\Router.php(204): CodeIgniter\Router\Router->checkDisallowedChars('public/arboles/ echo htmlspecialchars($arbol[\'imagen\']);')
 2 SYSTEMPATH\CodeIgniter.php(834): CodeIgniter\Router\Router->handle('public/arboles/ echo htmlspecialchars($arbol[\'imagen\']);')
 3 SYSTEMPATH\CodeIgniter.php(457): CodeIgniter\CodeIgniter->tryToRouteIt(Object(CodeIgniter\Router\RouteCollection))
 4 SYSTEMPATH\CodeIgniter.php(355): CodeIgniter\CodeIgniter->handleRequest(null, Object(Config\Cache), false)
 5 SYSTEMPATH\Boot.php(325): CodeIgniter\CodeIgniter->run()
 6 SYSTEMPATH\Boot.php(67): CodeIgniter\Boot::runCodeIgniter(Object(CodeIgniter\CodeIgniter))
 7 FCPATH\index.php(56): CodeIgniter\Boot::bootWeb(Object(Config\Paths))
CRITICAL - 2024-12-10 21:52:18 --> CodeIgniter\HTTP\Exceptions\BadRequestException: The URI you submitted has disallowed characters: " echo htmlspecialchars($arbol['imagen']);"
[Method: GET, Route: public/arboles/%20echo%20htmlspecialchars%28$arbol%5B%27imagen%27%5D%29;]
in SYSTEMPATH\Router\Router.php on line 737.
 1 SYSTEMPATH\Router\Router.php(204): CodeIgniter\Router\Router->checkDisallowedChars('public/arboles/ echo htmlspecialchars($arbol[\'imagen\']);')
 2 SYSTEMPATH\CodeIgniter.php(834): CodeIgniter\Router\Router->handle('public/arboles/ echo htmlspecialchars($arbol[\'imagen\']);')
 3 SYSTEMPATH\CodeIgniter.php(457): CodeIgniter\CodeIgniter->tryToRouteIt(Object(CodeIgniter\Router\RouteCollection))
 4 SYSTEMPATH\CodeIgniter.php(355): CodeIgniter\CodeIgniter->handleRequest(null, Object(Config\Cache), false)
 5 SYSTEMPATH\Boot.php(325): CodeIgniter\CodeIgniter->run()
 6 SYSTEMPATH\Boot.php(67): CodeIgniter\Boot::runCodeIgniter(Object(CodeIgniter\CodeIgniter))
 7 FCPATH\index.php(56): CodeIgniter\Boot::bootWeb(Object(Config\Paths))
CRITICAL - 2024-12-10 21:52:18 --> CodeIgniter\HTTP\Exceptions\BadRequestException: The URI you submitted has disallowed characters: " echo htmlspecialchars($arbol['imagen']);"
[Method: GET, Route: public/arboles/%20echo%20htmlspecialchars%28$arbol%5B%27imagen%27%5D%29;]
in SYSTEMPATH\Router\Router.php on line 737.
 1 SYSTEMPATH\Router\Router.php(204): CodeIgniter\Router\Router->checkDisallowedChars('public/arboles/ echo htmlspecialchars($arbol[\'imagen\']);')
 2 SYSTEMPATH\CodeIgniter.php(834): CodeIgniter\Router\Router->handle('public/arboles/ echo htmlspecialchars($arbol[\'imagen\']);')
 3 SYSTEMPATH\CodeIgniter.php(457): CodeIgniter\CodeIgniter->tryToRouteIt(Object(CodeIgniter\Router\RouteCollection))
 4 SYSTEMPATH\CodeIgniter.php(355): CodeIgniter\CodeIgniter->handleRequest(null, Object(Config\Cache), false)
 5 SYSTEMPATH\Boot.php(325): CodeIgniter\CodeIgniter->run()
 6 SYSTEMPATH\Boot.php(67): CodeIgniter\Boot::runCodeIgniter(Object(CodeIgniter\CodeIgniter))
 7 FCPATH\index.php(56): CodeIgniter\Boot::bootWeb(Object(Config\Paths))
CRITICAL - 2024-12-10 21:52:32 --> CodeIgniter\HTTP\Exceptions\BadRequestException: The URI you submitted has disallowed characters: " echo htmlspecialchars($arbol['imagen']);"
[Method: GET, Route: arboles/%20echo%20htmlspecialchars%28$arbol%5B%27imagen%27%5D%29;]
in SYSTEMPATH\Router\Router.php on line 737.
 1 SYSTEMPATH\Router\Router.php(204): CodeIgniter\Router\Router->checkDisallowedChars('arboles/ echo htmlspecialchars($arbol[\'imagen\']);')
 2 SYSTEMPATH\CodeIgniter.php(834): CodeIgniter\Router\Router->handle('arboles/ echo htmlspecialchars($arbol[\'imagen\']);')
 3 SYSTEMPATH\CodeIgniter.php(457): CodeIgniter\CodeIgniter->tryToRouteIt(Object(CodeIgniter\Router\RouteCollection))
 4 SYSTEMPATH\CodeIgniter.php(355): CodeIgniter\CodeIgniter->handleRequest(null, Object(Config\Cache), false)
 5 SYSTEMPATH\Boot.php(325): CodeIgniter\CodeIgniter->run()
 6 SYSTEMPATH\Boot.php(67): CodeIgniter\Boot::runCodeIgniter(Object(CodeIgniter\CodeIgniter))
 7 FCPATH\index.php(56): CodeIgniter\Boot::bootWeb(Object(Config\Paths))
CRITICAL - 2024-12-10 21:52:32 --> CodeIgniter\HTTP\Exceptions\BadRequestException: The URI you submitted has disallowed characters: " echo htmlspecialchars($arbol['imagen']);"
[Method: GET, Route: arboles/%20echo%20htmlspecialchars%28$arbol%5B%27imagen%27%5D%29;]
in SYSTEMPATH\Router\Router.php on line 737.
 1 SYSTEMPATH\Router\Router.php(204): CodeIgniter\Router\Router->checkDisallowedChars('arboles/ echo htmlspecialchars($arbol[\'imagen\']);')
 2 SYSTEMPATH\CodeIgniter.php(834): CodeIgniter\Router\Router->handle('arboles/ echo htmlspecialchars($arbol[\'imagen\']);')
 3 SYSTEMPATH\CodeIgniter.php(457): CodeIgniter\CodeIgniter->tryToRouteIt(Object(CodeIgniter\Router\RouteCollection))
 4 SYSTEMPATH\CodeIgniter.php(355): CodeIgniter\CodeIgniter->handleRequest(null, Object(Config\Cache), false)
 5 SYSTEMPATH\Boot.php(325): CodeIgniter\CodeIgniter->run()
 6 SYSTEMPATH\Boot.php(67): CodeIgniter\Boot::runCodeIgniter(Object(CodeIgniter\CodeIgniter))
 7 FCPATH\index.php(56): CodeIgniter\Boot::bootWeb(Object(Config\Paths))
CRITICAL - 2024-12-10 21:52:33 --> CodeIgniter\HTTP\Exceptions\BadRequestException: The URI you submitted has disallowed characters: " echo htmlspecialchars($arbol['imagen']);"
[Method: GET, Route: arboles/%20echo%20htmlspecialchars%28$arbol%5B%27imagen%27%5D%29;]
in SYSTEMPATH\Router\Router.php on line 737.
 1 SYSTEMPATH\Router\Router.php(204): CodeIgniter\Router\Router->checkDisallowedChars('arboles/ echo htmlspecialchars($arbol[\'imagen\']);')
 2 SYSTEMPATH\CodeIgniter.php(834): CodeIgniter\Router\Router->handle('arboles/ echo htmlspecialchars($arbol[\'imagen\']);')
 3 SYSTEMPATH\CodeIgniter.php(457): CodeIgniter\CodeIgniter->tryToRouteIt(Object(CodeIgniter\Router\RouteCollection))
 4 SYSTEMPATH\CodeIgniter.php(355): CodeIgniter\CodeIgniter->handleRequest(null, Object(Config\Cache), false)
 5 SYSTEMPATH\Boot.php(325): CodeIgniter\CodeIgniter->run()
 6 SYSTEMPATH\Boot.php(67): CodeIgniter\Boot::runCodeIgniter(Object(CodeIgniter\CodeIgniter))
 7 FCPATH\index.php(56): CodeIgniter\Boot::bootWeb(Object(Config\Paths))
CRITICAL - 2024-12-10 21:52:33 --> CodeIgniter\HTTP\Exceptions\BadRequestException: The URI you submitted has disallowed characters: " echo htmlspecialchars($arbol['imagen']);"
[Method: GET, Route: arboles/%20echo%20htmlspecialchars%28$arbol%5B%27imagen%27%5D%29;]
in SYSTEMPATH\Router\Router.php on line 737.
 1 SYSTEMPATH\Router\Router.php(204): CodeIgniter\Router\Router->checkDisallowedChars('arboles/ echo htmlspecialchars($arbol[\'imagen\']);')
 2 SYSTEMPATH\CodeIgniter.php(834): CodeIgniter\Router\Router->handle('arboles/ echo htmlspecialchars($arbol[\'imagen\']);')
 3 SYSTEMPATH\CodeIgniter.php(457): CodeIgniter\CodeIgniter->tryToRouteIt(Object(CodeIgniter\Router\RouteCollection))
 4 SYSTEMPATH\CodeIgniter.php(355): CodeIgniter\CodeIgniter->handleRequest(null, Object(Config\Cache), false)
 5 SYSTEMPATH\Boot.php(325): CodeIgniter\CodeIgniter->run()
 6 SYSTEMPATH\Boot.php(67): CodeIgniter\Boot::runCodeIgniter(Object(CodeIgniter\CodeIgniter))
 7 FCPATH\index.php(56): CodeIgniter\Boot::bootWeb(Object(Config\Paths))
CRITICAL - 2024-12-10 21:55:48 --> CodeIgniter\HTTP\Exceptions\BadRequestException: The URI you submitted has disallowed characters: " echo htmlspecialchars($arbol['imagen']);"
[Method: GET, Route: public/arboles/%20echo%20htmlspecialchars%28$arbol%5B%27imagen%27%5D%29;]
in SYSTEMPATH\Router\Router.php on line 737.
 1 SYSTEMPATH\Router\Router.php(204): CodeIgniter\Router\Router->checkDisallowedChars('public/arboles/ echo htmlspecialchars($arbol[\'imagen\']);')
 2 SYSTEMPATH\CodeIgniter.php(834): CodeIgniter\Router\Router->handle('public/arboles/ echo htmlspecialchars($arbol[\'imagen\']);')
 3 SYSTEMPATH\CodeIgniter.php(457): CodeIgniter\CodeIgniter->tryToRouteIt(Object(CodeIgniter\Router\RouteCollection))
 4 SYSTEMPATH\CodeIgniter.php(355): CodeIgniter\CodeIgniter->handleRequest(null, Object(Config\Cache), false)
 5 SYSTEMPATH\Boot.php(325): CodeIgniter\CodeIgniter->run()
 6 SYSTEMPATH\Boot.php(67): CodeIgniter\Boot::runCodeIgniter(Object(CodeIgniter\CodeIgniter))
 7 FCPATH\index.php(56): CodeIgniter\Boot::bootWeb(Object(Config\Paths))
CRITICAL - 2024-12-10 21:55:49 --> CodeIgniter\HTTP\Exceptions\BadRequestException: The URI you submitted has disallowed characters: " echo htmlspecialchars($arbol['imagen']);"
[Method: GET, Route: public/arboles/%20echo%20htmlspecialchars%28$arbol%5B%27imagen%27%5D%29;]
in SYSTEMPATH\Router\Router.php on line 737.
 1 SYSTEMPATH\Router\Router.php(204): CodeIgniter\Router\Router->checkDisallowedChars('public/arboles/ echo htmlspecialchars($arbol[\'imagen\']);')
 2 SYSTEMPATH\CodeIgniter.php(834): CodeIgniter\Router\Router->handle('public/arboles/ echo htmlspecialchars($arbol[\'imagen\']);')
 3 SYSTEMPATH\CodeIgniter.php(457): CodeIgniter\CodeIgniter->tryToRouteIt(Object(CodeIgniter\Router\RouteCollection))
 4 SYSTEMPATH\CodeIgniter.php(355): CodeIgniter\CodeIgniter->handleRequest(null, Object(Config\Cache), false)
 5 SYSTEMPATH\Boot.php(325): CodeIgniter\CodeIgniter->run()
 6 SYSTEMPATH\Boot.php(67): CodeIgniter\Boot::runCodeIgniter(Object(CodeIgniter\CodeIgniter))
 7 FCPATH\index.php(56): CodeIgniter\Boot::bootWeb(Object(Config\Paths))
CRITICAL - 2024-12-10 21:55:49 --> CodeIgniter\HTTP\Exceptions\BadRequestException: The URI you submitted has disallowed characters: " echo htmlspecialchars($arbol['imagen']);"
[Method: GET, Route: public/arboles/%20echo%20htmlspecialchars%28$arbol%5B%27imagen%27%5D%29;]
in SYSTEMPATH\Router\Router.php on line 737.
 1 SYSTEMPATH\Router\Router.php(204): CodeIgniter\Router\Router->checkDisallowedChars('public/arboles/ echo htmlspecialchars($arbol[\'imagen\']);')
 2 SYSTEMPATH\CodeIgniter.php(834): CodeIgniter\Router\Router->handle('public/arboles/ echo htmlspecialchars($arbol[\'imagen\']);')
 3 SYSTEMPATH\CodeIgniter.php(457): CodeIgniter\CodeIgniter->tryToRouteIt(Object(CodeIgniter\Router\RouteCollection))
 4 SYSTEMPATH\CodeIgniter.php(355): CodeIgniter\CodeIgniter->handleRequest(null, Object(Config\Cache), false)
 5 SYSTEMPATH\Boot.php(325): CodeIgniter\CodeIgniter->run()
 6 SYSTEMPATH\Boot.php(67): CodeIgniter\Boot::runCodeIgniter(Object(CodeIgniter\CodeIgniter))
 7 FCPATH\index.php(56): CodeIgniter\Boot::bootWeb(Object(Config\Paths))
CRITICAL - 2024-12-10 21:55:50 --> CodeIgniter\HTTP\Exceptions\BadRequestException: The URI you submitted has disallowed characters: " echo htmlspecialchars($arbol['imagen']);"
[Method: GET, Route: public/arboles/%20echo%20htmlspecialchars%28$arbol%5B%27imagen%27%5D%29;]
in SYSTEMPATH\Router\Router.php on line 737.
 1 SYSTEMPATH\Router\Router.php(204): CodeIgniter\Router\Router->checkDisallowedChars('public/arboles/ echo htmlspecialchars($arbol[\'imagen\']);')
 2 SYSTEMPATH\CodeIgniter.php(834): CodeIgniter\Router\Router->handle('public/arboles/ echo htmlspecialchars($arbol[\'imagen\']);')
 3 SYSTEMPATH\CodeIgniter.php(457): CodeIgniter\CodeIgniter->tryToRouteIt(Object(CodeIgniter\Router\RouteCollection))
 4 SYSTEMPATH\CodeIgniter.php(355): CodeIgniter\CodeIgniter->handleRequest(null, Object(Config\Cache), false)
 5 SYSTEMPATH\Boot.php(325): CodeIgniter\CodeIgniter->run()
 6 SYSTEMPATH\Boot.php(67): CodeIgniter\Boot::runCodeIgniter(Object(CodeIgniter\CodeIgniter))
 7 FCPATH\index.php(56): CodeIgniter\Boot::bootWeb(Object(Config\Paths))
CRITICAL - 2024-12-10 21:55:51 --> CodeIgniter\HTTP\Exceptions\BadRequestException: The URI you submitted has disallowed characters: " echo htmlspecialchars($arbol['imagen']);"
[Method: GET, Route: public/arboles/%20echo%20htmlspecialchars%28$arbol%5B%27imagen%27%5D%29;]
in SYSTEMPATH\Router\Router.php on line 737.
 1 SYSTEMPATH\Router\Router.php(204): CodeIgniter\Router\Router->checkDisallowedChars('public/arboles/ echo htmlspecialchars($arbol[\'imagen\']);')
 2 SYSTEMPATH\CodeIgniter.php(834): CodeIgniter\Router\Router->handle('public/arboles/ echo htmlspecialchars($arbol[\'imagen\']);')
 3 SYSTEMPATH\CodeIgniter.php(457): CodeIgniter\CodeIgniter->tryToRouteIt(Object(CodeIgniter\Router\RouteCollection))
 4 SYSTEMPATH\CodeIgniter.php(355): CodeIgniter\CodeIgniter->handleRequest(null, Object(Config\Cache), false)
 5 SYSTEMPATH\Boot.php(325): CodeIgniter\CodeIgniter->run()
 6 SYSTEMPATH\Boot.php(67): CodeIgniter\Boot::runCodeIgniter(Object(CodeIgniter\CodeIgniter))
 7 FCPATH\index.php(56): CodeIgniter\Boot::bootWeb(Object(Config\Paths))
CRITICAL - 2024-12-10 21:55:51 --> CodeIgniter\HTTP\Exceptions\BadRequestException: The URI you submitted has disallowed characters: " echo htmlspecialchars($arbol['imagen']);"
[Method: GET, Route: public/arboles/%20echo%20htmlspecialchars%28$arbol%5B%27imagen%27%5D%29;]
in SYSTEMPATH\Router\Router.php on line 737.
 1 SYSTEMPATH\Router\Router.php(204): CodeIgniter\Router\Router->checkDisallowedChars('public/arboles/ echo htmlspecialchars($arbol[\'imagen\']);')
 2 SYSTEMPATH\CodeIgniter.php(834): CodeIgniter\Router\Router->handle('public/arboles/ echo htmlspecialchars($arbol[\'imagen\']);')
 3 SYSTEMPATH\CodeIgniter.php(457): CodeIgniter\CodeIgniter->tryToRouteIt(Object(CodeIgniter\Router\RouteCollection))
 4 SYSTEMPATH\CodeIgniter.php(355): CodeIgniter\CodeIgniter->handleRequest(null, Object(Config\Cache), false)
 5 SYSTEMPATH\Boot.php(325): CodeIgniter\CodeIgniter->run()
 6 SYSTEMPATH\Boot.php(67): CodeIgniter\Boot::runCodeIgniter(Object(CodeIgniter\CodeIgniter))
 7 FCPATH\index.php(56): CodeIgniter\Boot::bootWeb(Object(Config\Paths))
CRITICAL - 2024-12-10 21:55:51 --> CodeIgniter\HTTP\Exceptions\BadRequestException: The URI you submitted has disallowed characters: " echo htmlspecialchars($arbol['imagen']);"
[Method: GET, Route: public/arboles/%20echo%20htmlspecialchars%28$arbol%5B%27imagen%27%5D%29;]
in SYSTEMPATH\Router\Router.php on line 737.
 1 SYSTEMPATH\Router\Router.php(204): CodeIgniter\Router\Router->checkDisallowedChars('public/arboles/ echo htmlspecialchars($arbol[\'imagen\']);')
 2 SYSTEMPATH\CodeIgniter.php(834): CodeIgniter\Router\Router->handle('public/arboles/ echo htmlspecialchars($arbol[\'imagen\']);')
 3 SYSTEMPATH\CodeIgniter.php(457): CodeIgniter\CodeIgniter->tryToRouteIt(Object(CodeIgniter\Router\RouteCollection))
 4 SYSTEMPATH\CodeIgniter.php(355): CodeIgniter\CodeIgniter->handleRequest(null, Object(Config\Cache), false)
 5 SYSTEMPATH\Boot.php(325): CodeIgniter\CodeIgniter->run()
 6 SYSTEMPATH\Boot.php(67): CodeIgniter\Boot::runCodeIgniter(Object(CodeIgniter\CodeIgniter))
 7 FCPATH\index.php(56): CodeIgniter\Boot::bootWeb(Object(Config\Paths))
CRITICAL - 2024-12-10 21:55:52 --> CodeIgniter\HTTP\Exceptions\BadRequestException: The URI you submitted has disallowed characters: " echo htmlspecialchars($arbol['imagen']);"
[Method: GET, Route: public/arboles/%20echo%20htmlspecialchars%28$arbol%5B%27imagen%27%5D%29;]
in SYSTEMPATH\Router\Router.php on line 737.
 1 SYSTEMPATH\Router\Router.php(204): CodeIgniter\Router\Router->checkDisallowedChars('public/arboles/ echo htmlspecialchars($arbol[\'imagen\']);')
 2 SYSTEMPATH\CodeIgniter.php(834): CodeIgniter\Router\Router->handle('public/arboles/ echo htmlspecialchars($arbol[\'imagen\']);')
 3 SYSTEMPATH\CodeIgniter.php(457): CodeIgniter\CodeIgniter->tryToRouteIt(Object(CodeIgniter\Router\RouteCollection))
 4 SYSTEMPATH\CodeIgniter.php(355): CodeIgniter\CodeIgniter->handleRequest(null, Object(Config\Cache), false)
 5 SYSTEMPATH\Boot.php(325): CodeIgniter\CodeIgniter->run()
 6 SYSTEMPATH\Boot.php(67): CodeIgniter\Boot::runCodeIgniter(Object(CodeIgniter\CodeIgniter))
 7 FCPATH\index.php(56): CodeIgniter\Boot::bootWeb(Object(Config\Paths))
CRITICAL - 2024-12-10 21:57:25 --> CodeIgniter\HTTP\Exceptions\BadRequestException: The URI you submitted has disallowed characters: "6721b7dc695cc-Araucaria.jpg echo htmlspecialchars($arbol['imagen']);"
[Method: GET, Route: public/arboles/6721b7dc695cc-Araucaria.jpg%20echo%20htmlspecialchars%28$arbol%5B%27imagen%27%5D%29;]
in SYSTEMPATH\Router\Router.php on line 737.
 1 SYSTEMPATH\Router\Router.php(204): CodeIgniter\Router\Router->checkDisallowedChars('public/arboles/6721b7dc695cc-Araucaria.jpg echo htmlspecialchars($arbol[\'imagen\']);')
 2 SYSTEMPATH\CodeIgniter.php(834): CodeIgniter\Router\Router->handle('public/arboles/6721b7dc695cc-Araucaria.jpg echo htmlspecialchars($arbol[\'imagen\']);')
 3 SYSTEMPATH\CodeIgniter.php(457): CodeIgniter\CodeIgniter->tryToRouteIt(Object(CodeIgniter\Router\RouteCollection))
 4 SYSTEMPATH\CodeIgniter.php(355): CodeIgniter\CodeIgniter->handleRequest(null, Object(Config\Cache), false)
 5 SYSTEMPATH\Boot.php(325): CodeIgniter\CodeIgniter->run()
 6 SYSTEMPATH\Boot.php(67): CodeIgniter\Boot::runCodeIgniter(Object(CodeIgniter\CodeIgniter))
 7 FCPATH\index.php(56): CodeIgniter\Boot::bootWeb(Object(Config\Paths))
CRITICAL - 2024-12-10 21:57:37 --> CodeIgniter\HTTP\Exceptions\BadRequestException: The URI you submitted has disallowed characters: "6721b7dc695cc-Araucaria.jpg echo htmlspecialchars($arbol['imagen']);"
[Method: GET, Route: 6721b7dc695cc-Araucaria.jpg%20echo%20htmlspecialchars%28$arbol%5B%27imagen%27%5D%29;]
in SYSTEMPATH\Router\Router.php on line 737.
 1 SYSTEMPATH\Router\Router.php(204): CodeIgniter\Router\Router->checkDisallowedChars('6721b7dc695cc-Araucaria.jpg echo htmlspecialchars($arbol[\'imagen\']);')
 2 SYSTEMPATH\CodeIgniter.php(834): CodeIgniter\Router\Router->handle('6721b7dc695cc-Araucaria.jpg echo htmlspecialchars($arbol[\'imagen\']);')
 3 SYSTEMPATH\CodeIgniter.php(457): CodeIgniter\CodeIgniter->tryToRouteIt(Object(CodeIgniter\Router\RouteCollection))
 4 SYSTEMPATH\CodeIgniter.php(355): CodeIgniter\CodeIgniter->handleRequest(null, Object(Config\Cache), false)
 5 SYSTEMPATH\Boot.php(325): CodeIgniter\CodeIgniter->run()
 6 SYSTEMPATH\Boot.php(67): CodeIgniter\Boot::runCodeIgniter(Object(CodeIgniter\CodeIgniter))
 7 FCPATH\index.php(56): CodeIgniter\Boot::bootWeb(Object(Config\Paths))
CRITICAL - 2024-12-10 21:57:38 --> CodeIgniter\HTTP\Exceptions\BadRequestException: The URI you submitted has disallowed characters: "6721b7dc695cc-Araucaria.jpg echo htmlspecialchars($arbol['imagen']);"
[Method: GET, Route: 6721b7dc695cc-Araucaria.jpg%20echo%20htmlspecialchars%28$arbol%5B%27imagen%27%5D%29;]
in SYSTEMPATH\Router\Router.php on line 737.
 1 SYSTEMPATH\Router\Router.php(204): CodeIgniter\Router\Router->checkDisallowedChars('6721b7dc695cc-Araucaria.jpg echo htmlspecialchars($arbol[\'imagen\']);')
 2 SYSTEMPATH\CodeIgniter.php(834): CodeIgniter\Router\Router->handle('6721b7dc695cc-Araucaria.jpg echo htmlspecialchars($arbol[\'imagen\']);')
 3 SYSTEMPATH\CodeIgniter.php(457): CodeIgniter\CodeIgniter->tryToRouteIt(Object(CodeIgniter\Router\RouteCollection))
 4 SYSTEMPATH\CodeIgniter.php(355): CodeIgniter\CodeIgniter->handleRequest(null, Object(Config\Cache), false)
 5 SYSTEMPATH\Boot.php(325): CodeIgniter\CodeIgniter->run()
 6 SYSTEMPATH\Boot.php(67): CodeIgniter\Boot::runCodeIgniter(Object(CodeIgniter\CodeIgniter))
 7 FCPATH\index.php(56): CodeIgniter\Boot::bootWeb(Object(Config\Paths))
CRITICAL - 2024-12-10 21:57:39 --> CodeIgniter\HTTP\Exceptions\BadRequestException: The URI you submitted has disallowed characters: "6721b7dc695cc-Araucaria.jpg echo htmlspecialchars($arbol['imagen']);"
[Method: GET, Route: 6721b7dc695cc-Araucaria.jpg%20echo%20htmlspecialchars%28$arbol%5B%27imagen%27%5D%29;]
in SYSTEMPATH\Router\Router.php on line 737.
 1 SYSTEMPATH\Router\Router.php(204): CodeIgniter\Router\Router->checkDisallowedChars('6721b7dc695cc-Araucaria.jpg echo htmlspecialchars($arbol[\'imagen\']);')
 2 SYSTEMPATH\CodeIgniter.php(834): CodeIgniter\Router\Router->handle('6721b7dc695cc-Araucaria.jpg echo htmlspecialchars($arbol[\'imagen\']);')
 3 SYSTEMPATH\CodeIgniter.php(457): CodeIgniter\CodeIgniter->tryToRouteIt(Object(CodeIgniter\Router\RouteCollection))
 4 SYSTEMPATH\CodeIgniter.php(355): CodeIgniter\CodeIgniter->handleRequest(null, Object(Config\Cache), false)
 5 SYSTEMPATH\Boot.php(325): CodeIgniter\CodeIgniter->run()
 6 SYSTEMPATH\Boot.php(67): CodeIgniter\Boot::runCodeIgniter(Object(CodeIgniter\CodeIgniter))
 7 FCPATH\index.php(56): CodeIgniter\Boot::bootWeb(Object(Config\Paths))
CRITICAL - 2024-12-10 22:33:37 --> CodeIgniter\HTTP\Exceptions\BadRequestException: The URI you submitted has disallowed characters: " esc($arbol['imagen'])"
[Method: GET, Route: public/arboles2/%20esc%28$arbol%5B%27imagen%27%5D%29]
in SYSTEMPATH\Router\Router.php on line 737.
 1 SYSTEMPATH\Router\Router.php(204): CodeIgniter\Router\Router->checkDisallowedChars('public/arboles2/ esc($arbol[\'imagen\'])')
 2 SYSTEMPATH\CodeIgniter.php(834): CodeIgniter\Router\Router->handle('public/arboles2/ esc($arbol[\'imagen\'])')
 3 SYSTEMPATH\CodeIgniter.php(457): CodeIgniter\CodeIgniter->tryToRouteIt(Object(CodeIgniter\Router\RouteCollection))
 4 SYSTEMPATH\CodeIgniter.php(355): CodeIgniter\CodeIgniter->handleRequest(null, Object(Config\Cache), false)
 5 SYSTEMPATH\Boot.php(325): CodeIgniter\CodeIgniter->run()
 6 SYSTEMPATH\Boot.php(67): CodeIgniter\Boot::runCodeIgniter(Object(CodeIgniter\CodeIgniter))
 7 FCPATH\index.php(56): CodeIgniter\Boot::bootWeb(Object(Config\Paths))
CRITICAL - 2024-12-10 22:33:38 --> CodeIgniter\HTTP\Exceptions\BadRequestException: The URI you submitted has disallowed characters: " esc($arbol['imagen'])"
[Method: GET, Route: public/arboles2/%20esc%28$arbol%5B%27imagen%27%5D%29]
in SYSTEMPATH\Router\Router.php on line 737.
 1 SYSTEMPATH\Router\Router.php(204): CodeIgniter\Router\Router->checkDisallowedChars('public/arboles2/ esc($arbol[\'imagen\'])')
 2 SYSTEMPATH\CodeIgniter.php(834): CodeIgniter\Router\Router->handle('public/arboles2/ esc($arbol[\'imagen\'])')
 3 SYSTEMPATH\CodeIgniter.php(457): CodeIgniter\CodeIgniter->tryToRouteIt(Object(CodeIgniter\Router\RouteCollection))
 4 SYSTEMPATH\CodeIgniter.php(355): CodeIgniter\CodeIgniter->handleRequest(null, Object(Config\Cache), false)
 5 SYSTEMPATH\Boot.php(325): CodeIgniter\CodeIgniter->run()
 6 SYSTEMPATH\Boot.php(67): CodeIgniter\Boot::runCodeIgniter(Object(CodeIgniter\CodeIgniter))
 7 FCPATH\index.php(56): CodeIgniter\Boot::bootWeb(Object(Config\Paths))
CRITICAL - 2024-12-10 22:33:54 --> CodeIgniter\HTTP\Exceptions\BadRequestException: The URI you submitted has disallowed characters: " esc($arbol['imagen'])"
[Method: GET, Route: public/arboles2/%20esc%28$arbol%5B%27imagen%27%5D%29]
in SYSTEMPATH\Router\Router.php on line 737.
 1 SYSTEMPATH\Router\Router.php(204): CodeIgniter\Router\Router->checkDisallowedChars('public/arboles2/ esc($arbol[\'imagen\'])')
 2 SYSTEMPATH\CodeIgniter.php(834): CodeIgniter\Router\Router->handle('public/arboles2/ esc($arbol[\'imagen\'])')
 3 SYSTEMPATH\CodeIgniter.php(457): CodeIgniter\CodeIgniter->tryToRouteIt(Object(CodeIgniter\Router\RouteCollection))
 4 SYSTEMPATH\CodeIgniter.php(355): CodeIgniter\CodeIgniter->handleRequest(null, Object(Config\Cache), false)
 5 SYSTEMPATH\Boot.php(325): CodeIgniter\CodeIgniter->run()
 6 SYSTEMPATH\Boot.php(67): CodeIgniter\Boot::runCodeIgniter(Object(CodeIgniter\CodeIgniter))
 7 FCPATH\index.php(56): CodeIgniter\Boot::bootWeb(Object(Config\Paths))
CRITICAL - 2024-12-10 22:33:54 --> CodeIgniter\HTTP\Exceptions\BadRequestException: The URI you submitted has disallowed characters: " esc($arbol['imagen'])"
[Method: GET, Route: public/arboles2/%20esc%28$arbol%5B%27imagen%27%5D%29]
in SYSTEMPATH\Router\Router.php on line 737.
 1 SYSTEMPATH\Router\Router.php(204): CodeIgniter\Router\Router->checkDisallowedChars('public/arboles2/ esc($arbol[\'imagen\'])')
 2 SYSTEMPATH\CodeIgniter.php(834): CodeIgniter\Router\Router->handle('public/arboles2/ esc($arbol[\'imagen\'])')
 3 SYSTEMPATH\CodeIgniter.php(457): CodeIgniter\CodeIgniter->tryToRouteIt(Object(CodeIgniter\Router\RouteCollection))
 4 SYSTEMPATH\CodeIgniter.php(355): CodeIgniter\CodeIgniter->handleRequest(null, Object(Config\Cache), false)
 5 SYSTEMPATH\Boot.php(325): CodeIgniter\CodeIgniter->run()
 6 SYSTEMPATH\Boot.php(67): CodeIgniter\Boot::runCodeIgniter(Object(CodeIgniter\CodeIgniter))
 7 FCPATH\index.php(56): CodeIgniter\Boot::bootWeb(Object(Config\Paths))
CRITICAL - 2024-12-10 22:34:29 --> CodeIgniter\HTTP\Exceptions\BadRequestException: The URI you submitted has disallowed characters: " esc($arbol['imagen'])"
[Method: GET, Route: public/arboles2/%20esc%28$arbol%5B%27imagen%27%5D%29]
in SYSTEMPATH\Router\Router.php on line 737.
 1 SYSTEMPATH\Router\Router.php(204): CodeIgniter\Router\Router->checkDisallowedChars('public/arboles2/ esc($arbol[\'imagen\'])')
 2 SYSTEMPATH\CodeIgniter.php(834): CodeIgniter\Router\Router->handle('public/arboles2/ esc($arbol[\'imagen\'])')
 3 SYSTEMPATH\CodeIgniter.php(457): CodeIgniter\CodeIgniter->tryToRouteIt(Object(CodeIgniter\Router\RouteCollection))
 4 SYSTEMPATH\CodeIgniter.php(355): CodeIgniter\CodeIgniter->handleRequest(null, Object(Config\Cache), false)
 5 SYSTEMPATH\Boot.php(325): CodeIgniter\CodeIgniter->run()
 6 SYSTEMPATH\Boot.php(67): CodeIgniter\Boot::runCodeIgniter(Object(CodeIgniter\CodeIgniter))
 7 FCPATH\index.php(56): CodeIgniter\Boot::bootWeb(Object(Config\Paths))
CRITICAL - 2024-12-10 22:34:29 --> CodeIgniter\HTTP\Exceptions\BadRequestException: The URI you submitted has disallowed characters: " esc($arbol['imagen'])"
[Method: GET, Route: public/arboles2/%20esc%28$arbol%5B%27imagen%27%5D%29]
in SYSTEMPATH\Router\Router.php on line 737.
 1 SYSTEMPATH\Router\Router.php(204): CodeIgniter\Router\Router->checkDisallowedChars('public/arboles2/ esc($arbol[\'imagen\'])')
 2 SYSTEMPATH\CodeIgniter.php(834): CodeIgniter\Router\Router->handle('public/arboles2/ esc($arbol[\'imagen\'])')
 3 SYSTEMPATH\CodeIgniter.php(457): CodeIgniter\CodeIgniter->tryToRouteIt(Object(CodeIgniter\Router\RouteCollection))
 4 SYSTEMPATH\CodeIgniter.php(355): CodeIgniter\CodeIgniter->handleRequest(null, Object(Config\Cache), false)
 5 SYSTEMPATH\Boot.php(325): CodeIgniter\CodeIgniter->run()
 6 SYSTEMPATH\Boot.php(67): CodeIgniter\Boot::runCodeIgniter(Object(CodeIgniter\CodeIgniter))
 7 FCPATH\index.php(56): CodeIgniter\Boot::bootWeb(Object(Config\Paths))
