CRITICAL - 2024-11-27 03:04:15 --> CodeIgniter\View\Exceptions\ViewException: Invalid file: "layouts/main.php"
[Method: GET, Route: usuarios/registrar]
in SYSTEMPATH\Exceptions\FrameworkException.php on line 41.
 1 SYSTEMPATH\View\View.php(222): CodeIgniter\Exceptions\FrameworkException::forInvalidFile('layouts/main.php')
 2 SYSTEMPATH\View\View.php(250): CodeIgniter\View\View->render('layouts/main', [], true)
 3 SYSTEMPATH\Common.php(1171): CodeIgniter\View\View->render('usuarios/registrar', [], true)
 4 APPPATH\Controllers\Usuarios.php(50): view('usuarios/registrar')
 5 SYSTEMPATH\CodeIgniter.php(933): App\Controllers\Usuarios->registrar()
 6 SYSTEMPATH\CodeIgniter.php(509): CodeIgniter\CodeIgniter->runController(Object(App\Controllers\Usuarios))
 7 SYSTEMPATH\CodeIgniter.php(355): CodeIgniter\CodeIgniter->handleRequest(null, Object(Config\Cache), false)
 8 SYSTEMPATH\Boot.php(325): CodeIgniter\CodeIgniter->run()
 9 SYSTEMPATH\Boot.php(67): CodeIgniter\Boot::runCodeIgniter(Object(CodeIgniter\CodeIgniter))
10 FCPATH\index.php(56): CodeIgniter\Boot::bootWeb(Object(Config\Paths))
CRITICAL - 2024-11-27 03:07:00 --> RuntimeException: View themes, no current section.
[Method: GET, Route: usuarios/registrar]
in SYSTEMPATH\View\View.php on line 442.
 1 APPPATH\Views\usuarios\registrar.php(58): CodeIgniter\View\View->endSection()
 2 SYSTEMPATH\View\View.php(234): include('C:\\xampp\\ProyectoFinal\\app\\Views\\usuarios\\registrar.php')
 3 SYSTEMPATH\View\View.php(237): CodeIgniter\View\View->CodeIgniter\View\{closure}()
 4 SYSTEMPATH\Common.php(1171): CodeIgniter\View\View->render('usuarios/registrar', [], true)
 5 APPPATH\Controllers\Usuarios.php(50): view('usuarios/registrar')
 6 SYSTEMPATH\CodeIgniter.php(933): App\Controllers\Usuarios->registrar()
 7 SYSTEMPATH\CodeIgniter.php(509): CodeIgniter\CodeIgniter->runController(Object(App\Controllers\Usuarios))
 8 SYSTEMPATH\CodeIgniter.php(355): CodeIgniter\CodeIgniter->handleRequest(null, Object(Config\Cache), false)
 9 SYSTEMPATH\Boot.php(325): CodeIgniter\CodeIgniter->run()
10 SYSTEMPATH\Boot.php(67): CodeIgniter\Boot::runCodeIgniter(Object(CodeIgniter\CodeIgniter))
11 FCPATH\index.php(56): CodeIgniter\Boot::bootWeb(Object(Config\Paths))
CRITICAL - 2024-11-27 03:20:38 --> RuntimeException: View themes, no current section.
[Method: GET, Route: usuarios/registrar]
in SYSTEMPATH\View\View.php on line 442.
 1 APPPATH\Views\usuarios\registrar.php(60): CodeIgniter\View\View->endSection()
 2 SYSTEMPATH\View\View.php(234): include('C:\\xampp\\ProyectoFinal\\app\\Views\\usuarios\\registrar.php')
 3 SYSTEMPATH\View\View.php(237): CodeIgniter\View\View->CodeIgniter\View\{closure}()
 4 SYSTEMPATH\Common.php(1171): CodeIgniter\View\View->render('usuarios/registrar', [], true)
 5 APPPATH\Controllers\Usuarios.php(59): view('usuarios/registrar')
 6 SYSTEMPATH\CodeIgniter.php(933): App\Controllers\Usuarios->registrar()
 7 SYSTEMPATH\CodeIgniter.php(509): CodeIgniter\CodeIgniter->runController(Object(App\Controllers\Usuarios))
 8 SYSTEMPATH\CodeIgniter.php(355): CodeIgniter\CodeIgniter->handleRequest(null, Object(Config\Cache), false)
 9 SYSTEMPATH\Boot.php(325): CodeIgniter\CodeIgniter->run()
10 SYSTEMPATH\Boot.php(67): CodeIgniter\Boot::runCodeIgniter(Object(CodeIgniter\CodeIgniter))
11 FCPATH\index.php(56): CodeIgniter\Boot::bootWeb(Object(Config\Paths))
CRITICAL - 2024-11-27 03:23:04 --> RuntimeException: View themes, no current section.
[Method: GET, Route: usuarios/registrar]
in SYSTEMPATH\View\View.php on line 442.
 1 APPPATH\Views\usuarios\registrar.php(60): CodeIgniter\View\View->endSection()
 2 SYSTEMPATH\View\View.php(234): include('C:\\xampp\\ProyectoFinal\\app\\Views\\usuarios\\registrar.php')
 3 SYSTEMPATH\View\View.php(237): CodeIgniter\View\View->CodeIgniter\View\{closure}()
 4 SYSTEMPATH\Common.php(1171): CodeIgniter\View\View->render('usuarios/registrar', [], true)
 5 APPPATH\Controllers\Usuarios.php(59): view('usuarios/registrar')
 6 SYSTEMPATH\CodeIgniter.php(933): App\Controllers\Usuarios->registrar()
 7 SYSTEMPATH\CodeIgniter.php(509): CodeIgniter\CodeIgniter->runController(Object(App\Controllers\Usuarios))
 8 SYSTEMPATH\CodeIgniter.php(355): CodeIgniter\CodeIgniter->handleRequest(null, Object(Config\Cache), false)
 9 SYSTEMPATH\Boot.php(325): CodeIgniter\CodeIgniter->run()
10 SYSTEMPATH\Boot.php(67): CodeIgniter\Boot::runCodeIgniter(Object(CodeIgniter\CodeIgniter))
11 FCPATH\index.php(56): CodeIgniter\Boot::bootWeb(Object(Config\Paths))
CRITICAL - 2024-11-27 03:27:10 --> RuntimeException: View themes, no current section.
[Method: GET, Route: usuarios/registrar]
in SYSTEMPATH\View\View.php on line 442.
 1 APPPATH\Views\usuarios\registrar.php(60): CodeIgniter\View\View->endSection()
 2 SYSTEMPATH\View\View.php(234): include('C:\\xampp\\ProyectoFinal\\app\\Views\\usuarios\\registrar.php')
 3 SYSTEMPATH\View\View.php(237): CodeIgniter\View\View->CodeIgniter\View\{closure}()
 4 SYSTEMPATH\Common.php(1171): CodeIgniter\View\View->render('usuarios/registrar', [], true)
 5 APPPATH\Controllers\Usuarios.php(59): view('usuarios/registrar')
 6 SYSTEMPATH\CodeIgniter.php(933): App\Controllers\Usuarios->registrar()
 7 SYSTEMPATH\CodeIgniter.php(509): CodeIgniter\CodeIgniter->runController(Object(App\Controllers\Usuarios))
 8 SYSTEMPATH\CodeIgniter.php(355): CodeIgniter\CodeIgniter->handleRequest(null, Object(Config\Cache), false)
 9 SYSTEMPATH\Boot.php(325): CodeIgniter\CodeIgniter->run()
10 SYSTEMPATH\Boot.php(67): CodeIgniter\Boot::runCodeIgniter(Object(CodeIgniter\CodeIgniter))
11 FCPATH\index.php(56): CodeIgniter\Boot::bootWeb(Object(Config\Paths))
